<?xml version="1.0" encoding="UTF-8"?>
<!-- Generated by org.testng.reporters.JUnitReportReporter -->
<testsuite hostname="LAPTOP-SABMBR64" failures="0" tests="1" name="Rest.Assured.Parsing" time="1.760" errors="0" timestamp="2020-11-01T17:32:38 IST" skipped="0">
  <testcase classname="Rest.Assured.Parsing" name="start" time="1.760"/>
  <system-out/>
</testsuite> <!-- Rest.Assured.Parsing -->
