<?xml version="1.0" encoding="UTF-8"?>
<!-- Generated by org.testng.reporters.JUnitReportReporter -->
<testsuite hostname="LAPTOP-SABMBR64" failures="0" tests="1" name="Rest.Assured.serializeTest" time="4.500" errors="0" timestamp="2020-11-01T18:50:26 IST" skipped="0">
  <testcase classname="Rest.Assured.serializeTest" name="amazing" time="4.500"/>
  <system-out/>
</testsuite> <!-- Rest.Assured.serializeTest -->
