<?xml version="1.0" encoding="UTF-8"?>
<!-- Generated by org.testng.reporters.JUnitReportReporter -->
<testsuite hostname="LAPTOP-SABMBR64" failures="0" tests="1" name="Rest.Assured.Sm" time="8.383" errors="0" timestamp="2020-10-31T22:57:47 IST" skipped="0">
  <testcase classname="Rest.Assured.Sm" name="start" time="8.383"/>
  <system-out/>
</testsuite> <!-- Rest.Assured.Sm -->
