<?xml version="1.0" encoding="UTF-8"?>
<!-- Generated by org.testng.reporters.JUnitReportReporter -->
<testsuite hostname="LAPTOP-SABMBR64" failures="0" tests="1" name="Rest.Assured.SpecBuilderTest" time="3.635" errors="0" timestamp="2020-11-19T11:45:34 IST" skipped="0">
  <testcase classname="Rest.Assured.SpecBuilderTest" name="display" time="3.635"/>
  <system-out/>
</testsuite> <!-- Rest.Assured.SpecBuilderTest -->
